<?xml version="1.0" encoding="UTF-8"?>
<!-- Generated by org.testng.reporters.JUnitReportReporter -->
<testsuite hostname="DESKTOP-93DNEKS" failures="0" tests="1" name="mybasics.Alerts" time="6.851" errors="0" timestamp="2023-06-07T10:29:30 IST" skipped="0">
  <testcase classname="mybasics.Alerts" name="handlingalerts" time="6.851"/>
  <system-out/>
</testsuite> <!-- mybasics.Alerts -->
